10:39:09.140 [main] INFO  c.xxs.TliasWebManagementApplication - Starting TliasWebManagementApplication using Java 17.0.12 with PID 684744 (C:\arsenal\study\java\Tlias\Tlias-web-management\target\classes started by xiaoxiaosui in C:\arsenal\study\java\Tlias)
10:39:09.142 [main] INFO  c.xxs.TliasWebManagementApplication - No active profile set, falling back to 1 default profile: "default"
10:39:09.661 [main] INFO  o.s.d.r.c.RepositoryConfigurationDelegate - Multiple Spring Data modules found, entering strict repository configuration mode
10:39:09.663 [main] INFO  o.s.d.r.c.RepositoryConfigurationDelegate - Bootstrapping Spring Data Redis repositories in DEFAULT mode.
10:39:09.680 [main] INFO  o.s.d.r.c.RepositoryConfigurationDelegate - Finished Spring Data repository scanning in 5 ms. Found 0 Redis repository interfaces.
10:39:10.137 [main] INFO  o.s.b.w.e.tomcat.TomcatWebServer - Tomcat initialized with port 8080 (http)
10:39:10.145 [main] INFO  o.a.coyote.http11.Http11NioProtocol - Initializing ProtocolHandler ["http-nio-8080"]
10:39:10.146 [main] INFO  o.a.catalina.core.StandardService - Starting service [Tomcat]
10:39:10.146 [main] INFO  o.a.catalina.core.StandardEngine - Starting Servlet engine: [Apache Tomcat/10.1.46]
10:39:10.184 [main] INFO  o.a.c.c.C.[Tomcat].[localhost].[/] - Initializing Spring embedded WebApplicationContext
10:39:10.185 [main] INFO  o.s.b.w.s.c.ServletWebServerApplicationContext - Root WebApplicationContext: initialization completed in 1005 ms
10:39:10.965 [main] INFO  o.a.coyote.http11.Http11NioProtocol - Starting ProtocolHandler ["http-nio-8080"]
10:39:10.978 [main] INFO  o.s.b.w.e.tomcat.TomcatWebServer - Tomcat started on port 8080 (http) with context path '/'
10:39:10.985 [main] INFO  c.xxs.TliasWebManagementApplication - Started TliasWebManagementApplication in 2.181 seconds (process running for 3.161)
10:39:25.927 [http-nio-8080-exec-1] INFO  o.a.c.c.C.[Tomcat].[localhost].[/] - Initializing Spring DispatcherServlet 'dispatcherServlet'
10:39:25.927 [http-nio-8080-exec-1] INFO  o.s.web.servlet.DispatcherServlet - Initializing Servlet 'dispatcherServlet'
10:39:25.928 [http-nio-8080-exec-1] INFO  o.s.web.servlet.DispatcherServlet - Completed initialization in 1 ms
10:39:25.949 [http-nio-8080-exec-1] WARN  o.a.c.w.AbstractFileResourceSet - Resource for web application [] at path [/upload.] was not loaded as the canonical path [/upload] did not match. Use of symlinks is one possible cause.
10:41:16.730 [http-nio-8080-exec-5] INFO  com.xxs.controller.UploadController - 文件上传接收参数：zhangsan,18,org.springframework.web.multipart.support.StandardMultipartHttpServletRequest$StandardMultipartFile@382fe346
10:41:16.808 [SpringApplicationShutdownHook] INFO  o.s.b.w.e.tomcat.GracefulShutdown - Commencing graceful shutdown. Waiting for active requests to complete
10:41:16.879 [tomcat-shutdown] INFO  o.s.b.w.e.tomcat.GracefulShutdown - Graceful shutdown complete
10:41:19.905 [main] INFO  c.xxs.TliasWebManagementApplication - Starting TliasWebManagementApplication using Java 17.0.12 with PID 716816 (C:\arsenal\study\java\Tlias\Tlias-web-management\target\classes started by xiaoxiaosui in C:\arsenal\study\java\Tlias)
10:41:19.907 [main] INFO  c.xxs.TliasWebManagementApplication - No active profile set, falling back to 1 default profile: "default"
10:41:20.373 [main] INFO  o.s.d.r.c.RepositoryConfigurationDelegate - Multiple Spring Data modules found, entering strict repository configuration mode
10:41:20.375 [main] INFO  o.s.d.r.c.RepositoryConfigurationDelegate - Bootstrapping Spring Data Redis repositories in DEFAULT mode.
10:41:20.388 [main] INFO  o.s.d.r.c.RepositoryConfigurationDelegate - Finished Spring Data repository scanning in 4 ms. Found 0 Redis repository interfaces.
10:41:20.769 [main] INFO  o.s.b.w.e.tomcat.TomcatWebServer - Tomcat initialized with port 8080 (http)
10:41:20.777 [main] INFO  o.a.coyote.http11.Http11NioProtocol - Initializing ProtocolHandler ["http-nio-8080"]
10:41:20.778 [main] INFO  o.a.catalina.core.StandardService - Starting service [Tomcat]
10:41:20.778 [main] INFO  o.a.catalina.core.StandardEngine - Starting Servlet engine: [Apache Tomcat/10.1.46]
10:41:20.810 [main] INFO  o.a.c.c.C.[Tomcat].[localhost].[/] - Initializing Spring embedded WebApplicationContext
10:41:20.811 [main] INFO  o.s.b.w.s.c.ServletWebServerApplicationContext - Root WebApplicationContext: initialization completed in 865 ms
10:41:21.427 [main] INFO  o.a.coyote.http11.Http11NioProtocol - Starting ProtocolHandler ["http-nio-8080"]
10:41:21.440 [main] INFO  o.s.b.w.e.tomcat.TomcatWebServer - Tomcat started on port 8080 (http) with context path '/'
10:41:21.446 [main] INFO  c.xxs.TliasWebManagementApplication - Started TliasWebManagementApplication in 1.851 seconds (process running for 2.464)
10:41:34.822 [http-nio-8080-exec-5] INFO  o.a.c.c.C.[Tomcat].[localhost].[/] - Initializing Spring DispatcherServlet 'dispatcherServlet'
10:41:34.822 [http-nio-8080-exec-5] INFO  o.s.web.servlet.DispatcherServlet - Initializing Servlet 'dispatcherServlet'
10:41:34.823 [http-nio-8080-exec-5] INFO  o.s.web.servlet.DispatcherServlet - Completed initialization in 1 ms
10:43:43.313 [http-nio-8080-exec-5] INFO  com.xxs.controller.UploadController - 文件上传接收参数：zhangsan,18,org.springframework.web.multipart.support.StandardMultipartHttpServletRequest$StandardMultipartFile@2fed0456
10:51:15.892 [SpringApplicationShutdownHook] INFO  o.s.b.w.e.tomcat.GracefulShutdown - Commencing graceful shutdown. Waiting for active requests to complete
10:51:15.965 [tomcat-shutdown] INFO  o.s.b.w.e.tomcat.GracefulShutdown - Graceful shutdown complete
10:51:18.882 [main] INFO  c.xxs.TliasWebManagementApplication - Starting TliasWebManagementApplication using Java 17.0.12 with PID 851108 (C:\arsenal\study\java\Tlias\Tlias-web-management\target\classes started by xiaoxiaosui in C:\arsenal\study\java\Tlias)
10:51:18.883 [main] INFO  c.xxs.TliasWebManagementApplication - No active profile set, falling back to 1 default profile: "default"
10:51:19.271 [main] INFO  o.s.d.r.c.RepositoryConfigurationDelegate - Multiple Spring Data modules found, entering strict repository configuration mode
10:51:19.272 [main] INFO  o.s.d.r.c.RepositoryConfigurationDelegate - Bootstrapping Spring Data Redis repositories in DEFAULT mode.
10:51:19.286 [main] INFO  o.s.d.r.c.RepositoryConfigurationDelegate - Finished Spring Data repository scanning in 4 ms. Found 0 Redis repository interfaces.
10:51:19.629 [main] INFO  o.s.b.w.e.tomcat.TomcatWebServer - Tomcat initialized with port 8080 (http)
10:51:19.637 [main] INFO  o.a.coyote.http11.Http11NioProtocol - Initializing ProtocolHandler ["http-nio-8080"]
10:51:19.638 [main] INFO  o.a.catalina.core.StandardService - Starting service [Tomcat]
10:51:19.638 [main] INFO  o.a.catalina.core.StandardEngine - Starting Servlet engine: [Apache Tomcat/10.1.46]
10:51:19.669 [main] INFO  o.a.c.c.C.[Tomcat].[localhost].[/] - Initializing Spring embedded WebApplicationContext
10:51:19.669 [main] INFO  o.s.b.w.s.c.ServletWebServerApplicationContext - Root WebApplicationContext: initialization completed in 759 ms
10:51:20.258 [main] INFO  o.a.coyote.http11.Http11NioProtocol - Starting ProtocolHandler ["http-nio-8080"]
10:51:20.271 [main] INFO  o.s.b.w.e.tomcat.TomcatWebServer - Tomcat started on port 8080 (http) with context path '/'
10:51:20.278 [main] INFO  c.xxs.TliasWebManagementApplication - Started TliasWebManagementApplication in 1.649 seconds (process running for 2.235)
10:51:26.652 [http-nio-8080-exec-1] INFO  o.a.c.c.C.[Tomcat].[localhost].[/] - Initializing Spring DispatcherServlet 'dispatcherServlet'
10:51:26.653 [http-nio-8080-exec-1] INFO  o.s.web.servlet.DispatcherServlet - Initializing Servlet 'dispatcherServlet'
10:51:26.653 [http-nio-8080-exec-1] INFO  o.s.web.servlet.DispatcherServlet - Completed initialization in 0 ms
10:51:38.109 [http-nio-8080-exec-2] INFO  com.xxs.controller.UploadController - 文件上传接收参数：wangwu,21,org.springframework.web.multipart.support.StandardMultipartHttpServletRequest$StandardMultipartFile@168ec0c1
10:52:17.496 [http-nio-8080-exec-4] INFO  com.xxs.controller.UploadController - 文件上传接收参数：zhagnsan,19,org.springframework.web.multipart.support.StandardMultipartHttpServletRequest$StandardMultipartFile@24044db4
11:00:32.994 [SpringApplicationShutdownHook] INFO  o.s.b.w.e.tomcat.GracefulShutdown - Commencing graceful shutdown. Waiting for active requests to complete
11:00:33.070 [tomcat-shutdown] INFO  o.s.b.w.e.tomcat.GracefulShutdown - Graceful shutdown complete
11:00:36.029 [main] INFO  c.xxs.TliasWebManagementApplication - Starting TliasWebManagementApplication using Java 17.0.12 with PID 747476 (C:\arsenal\study\java\Tlias\Tlias-web-management\target\classes started by xiaoxiaosui in C:\arsenal\study\java\Tlias)
11:00:36.031 [main] INFO  c.xxs.TliasWebManagementApplication - No active profile set, falling back to 1 default profile: "default"
11:00:36.428 [main] INFO  o.s.d.r.c.RepositoryConfigurationDelegate - Multiple Spring Data modules found, entering strict repository configuration mode
11:00:36.430 [main] INFO  o.s.d.r.c.RepositoryConfigurationDelegate - Bootstrapping Spring Data Redis repositories in DEFAULT mode.
11:00:36.445 [main] INFO  o.s.d.r.c.RepositoryConfigurationDelegate - Finished Spring Data repository scanning in 5 ms. Found 0 Redis repository interfaces.
11:00:36.793 [main] INFO  o.s.b.w.e.tomcat.TomcatWebServer - Tomcat initialized with port 8080 (http)
11:00:36.801 [main] INFO  o.a.coyote.http11.Http11NioProtocol - Initializing ProtocolHandler ["http-nio-8080"]
11:00:36.802 [main] INFO  o.a.catalina.core.StandardService - Starting service [Tomcat]
11:00:36.802 [main] INFO  o.a.catalina.core.StandardEngine - Starting Servlet engine: [Apache Tomcat/10.1.46]
11:00:36.833 [main] INFO  o.a.c.c.C.[Tomcat].[localhost].[/] - Initializing Spring embedded WebApplicationContext
11:00:36.833 [main] INFO  o.s.b.w.s.c.ServletWebServerApplicationContext - Root WebApplicationContext: initialization completed in 776 ms
11:00:37.406 [main] INFO  o.a.coyote.http11.Http11NioProtocol - Starting ProtocolHandler ["http-nio-8080"]
11:00:37.420 [main] INFO  o.s.b.w.e.tomcat.TomcatWebServer - Tomcat started on port 8080 (http) with context path '/'
11:00:37.427 [main] INFO  c.xxs.TliasWebManagementApplication - Started TliasWebManagementApplication in 1.659 seconds (process running for 2.272)
11:07:36.880 [SpringApplicationShutdownHook] INFO  o.s.b.w.e.tomcat.GracefulShutdown - Commencing graceful shutdown. Waiting for active requests to complete
11:07:36.963 [tomcat-shutdown] INFO  o.s.b.w.e.tomcat.GracefulShutdown - Graceful shutdown complete
